Vivado Simulator v2022.1
Copyright 1986-1999, 2001-2022 Xilinx, Inc. All Rights Reserved.
Running: D:/Xilinx/Vivado/2022.1/bin/unwrapped/win64.o/xelab.exe --incr --debug typical --relax --mt 2 -L xil_defaultlib -L uvm -L unisims_ver -L unimacro_ver -L secureip --snapshot tb_behav xil_defaultlib.tb xil_defaultlib.glbl -log elaborate.log 
Using 2 slave threads.
Starting static elaboration
Pass Through NonSizing Optimizer
Completed static elaboration
Starting simulation data flow analysis
WARNING: [XSIM 43-4468] File : D:/Vivado/Verification/Part_2/Section_6/Section_6.srcs/sim_1/new/tb.sv, Line : 5, RANDC variable size more than 8 bits. This will be treated as a RAND variable instead.
WARNING: [XSIM 43-4099] "D:/Vivado/Verification/Part_2/Section_6/Section_6.srcs/sources_1/new/apb_ram.sv" Line 107. Module abp_if doesn't have a timescale but at least one module in design has a timescale.
WARNING: [XSIM 43-4099] "D:/Vivado/Verification/Part_2/Section_6/Section_6.srcs/sources_1/new/apb_ram.sv" Line 1. Module apb_ram doesn't have a timescale but at least one module in design has a timescale.
WARNING: [XSIM 43-4099] "D:/Vivado/Verification/Part_2/Section_6/Section_6.srcs/sources_1/new/apb_ram.sv" Line 107. Module abp_if doesn't have a timescale but at least one module in design has a timescale.
WARNING: [XSIM 43-4099] "D:/Vivado/Verification/Part_2/Section_6/Section_6.srcs/sources_1/new/apb_ram.sv" Line 1. Module apb_ram doesn't have a timescale but at least one module in design has a timescale.
Completed simulation data flow analysis
Time Resolution for simulation is 1ps
Compiling package xil_defaultlib.$unit_apb_ram_sv_3768461780
Compiling package std.std
Compiling module xil_defaultlib.abp_if
Compiling module xil_defaultlib.apb_ram
Compiling module xil_defaultlib.tb
Compiling module xil_defaultlib.glbl
Built simulation snapshot tb_behav
