Vivado Simulator v2022.1
Copyright 1986-1999, 2001-2022 Xilinx, Inc. All Rights Reserved.
Running: D:/Xilinx/Vivado/2022.1/bin/unwrapped/win64.o/xelab.exe --incr --debug typical --relax --mt 2 -L xil_defaultlib -L uvm -L unisims_ver -L unimacro_ver -L secureip --snapshot tb_behav xil_defaultlib.tb xil_defaultlib.glbl -log elaborate.log 
Using 2 slave threads.
Starting static elaboration
Pass Through NonSizing Optimizer
Completed static elaboration
Starting simulation data flow analysis
WARNING: [XSIM 43-4099] "D:/Vivado/Verification/Part_2/Section_7/Section_7.srcs/sources_1/new/axi_top.sv" Line 1. Module axi_if doesn't have a timescale but at least one module in design has a timescale.
WARNING: [XSIM 43-4099] "D:/Vivado/Verification/Part_2/Section_7/Section_7.srcs/sources_1/new/axi_top.sv" Line 52. Module axi_slave doesn't have a timescale but at least one module in design has a timescale.
WARNING: [XSIM 43-4099] "D:/Vivado/Verification/Part_2/Section_7/Section_7.srcs/sources_1/new/axi_top.sv" Line 1. Module axi_if doesn't have a timescale but at least one module in design has a timescale.
WARNING: [XSIM 43-4099] "D:/Vivado/Verification/Part_2/Section_7/Section_7.srcs/sources_1/new/axi_top.sv" Line 52. Module axi_slave doesn't have a timescale but at least one module in design has a timescale.
Completed simulation data flow analysis
Time Resolution for simulation is 1ps
Compiling package xil_defaultlib.$unit_axi_top_sv_3442886052
Compiling package std.std
Compiling module xil_defaultlib.axi_if
Compiling module xil_defaultlib.axi_slave
Compiling module xil_defaultlib.tb
Compiling module xil_defaultlib.glbl
Built simulation snapshot tb_behav
