Time resolution is 1 ps
[DRV] : RESET DONE
[GEN] : DATA SENT TO DRV
[MON] : WRAP4 DATA READ
[DRV] : WRAP16 TRANSFER ADDR : 0 DATA : 5
[MON]: addr : 5 data : 202116108
[SCO] : EMPTY LOCATION READ
[DRV] : WRAP16 TRANSFER ADDR : 0 DATA : 5
[MON]: addr : 9 data : 202116108
[SCO] : EMPTY LOCATION READ
[DRV] : WRAP16 TRANSFER ADDR : 0 DATA : 5
[MON]: addr : 13 data : 202116108
[SCO] : EMPTY LOCATION READ
[DRV] : WRAP16 TRANSFER ADDR : 0 DATA : 5
[MON]: addr : 17 data : 202116108
[SCO] : EMPTY LOCATION READ
[DRV] : WRAP16 TRANSFER ADDR : 0 DATA : 5
[MON]: addr : 21 data : 202116108
[SCO] : EMPTY LOCATION READ
[DRV] : WRAP16 TRANSFER ADDR : 0 DATA : 5
[MON]: addr : 25 data : 202116108
[SCO] : EMPTY LOCATION READ
[DRV] : WRAP16 TRANSFER ADDR : 0 DATA : 5
[MON]: addr : 29 data : 202116108
[SCO] : EMPTY LOCATION READ
[DRV] : WRAP16 TRANSFER ADDR : 0 DATA : 5
[MON]: addr : 33 data : 202116108
[SCO] : EMPTY LOCATION READ
[DRV] : WRAP16 TRANSFER ADDR : 0 DATA : 5
[MON]: addr : 37 data : 202116108
[SCO] : EMPTY LOCATION READ
[DRV] : WRAP16 TRANSFER ADDR : 0 DATA : 5
[MON]: addr : 41 data : 202116108
[SCO] : EMPTY LOCATION READ
[DRV] : WRAP16 TRANSFER ADDR : 0 DATA : 5
[MON]: addr : 45 data : 202116108
[SCO] : EMPTY LOCATION READ
[DRV] : WRAP16 TRANSFER ADDR : 0 DATA : 5
[MON]: addr : 49 data : 202116108
[SCO] : EMPTY LOCATION READ
[DRV] : WRAP16 TRANSFER ADDR : 0 DATA : 5
[MON]: addr : 53 data : 202116108
[SCO] : EMPTY LOCATION READ
[DRV] : WRAP16 TRANSFER ADDR : 0 DATA : 5
[MON]: addr : 57 data : 202116108
[SCO] : EMPTY LOCATION READ
[DRV] : WRAP16 TRANSFER ADDR : 0 DATA : 5
[MON]: addr : 61 data : 202116108
[SCO] : EMPTY LOCATION READ
[DRV] : WRAP16 TRANSFER ADDR : 0 DATA : 5
[MON]: addr : 1 data : 202116108
[SCO] : EMPTY LOCATION READ
[GEN] : DATA SENT TO DRV
[MON] : WRAP16 DATA WRITE
[DRV] : WRAP16 TRANSFER ADDR : 34 DATA : 5
[MON]: addr : 5 data : 34
[SCO] : DATA WRITE
[DRV] : WRAP16 TRANSFER ADDR : 20 DATA : 5
[MON]: addr : 9 data : 20
[SCO] : DATA WRITE
[DRV] : WRAP16 TRANSFER ADDR : 11 DATA : 5
[MON]: addr : 13 data : 11
[SCO] : DATA WRITE
[DRV] : WRAP16 TRANSFER ADDR : 50 DATA : 5
[MON]: addr : 17 data : 50
[SCO] : DATA WRITE
[DRV] : WRAP16 TRANSFER ADDR : 35 DATA : 5
[MON]: addr : 21 data : 35
[SCO] : DATA WRITE
[DRV] : WRAP16 TRANSFER ADDR : 42 DATA : 5
[MON]: addr : 25 data : 42
[SCO] : DATA WRITE
[DRV] : WRAP16 TRANSFER ADDR : 9 DATA : 5
[MON]: addr : 29 data : 9
[SCO] : DATA WRITE
[DRV] : WRAP16 TRANSFER ADDR : 22 DATA : 5
[MON]: addr : 33 data : 22
[SCO] : DATA WRITE
[DRV] : WRAP16 TRANSFER ADDR : 15 DATA : 5
[MON]: addr : 37 data : 15
[SCO] : DATA WRITE
[DRV] : WRAP16 TRANSFER ADDR : 24 DATA : 5
[MON]: addr : 41 data : 24
[SCO] : DATA WRITE
[DRV] : WRAP16 TRANSFER ADDR : 28 DATA : 5
[MON]: addr : 45 data : 28
[SCO] : DATA WRITE
[DRV] : WRAP16 TRANSFER ADDR : 5 DATA : 5
[MON]: addr : 49 data : 5
[SCO] : DATA WRITE
[DRV] : WRAP16 TRANSFER ADDR : 21 DATA : 5
[MON]: addr : 53 data : 21
[SCO] : DATA WRITE
[DRV] : WRAP16 TRANSFER ADDR : 38 DATA : 5
[MON]: addr : 57 data : 38
[SCO] : DATA WRITE
[DRV] : WRAP16 TRANSFER ADDR : 26 DATA : 5
[MON]: addr : 61 data : 26
[SCO] : DATA WRITE
[DRV] : WRAP16 TRANSFER ADDR : 35 DATA : 5
[MON]: addr : 1 data : 35
[SCO] : DATA WRITE
[GEN] : DATA SENT TO DRV
[MON] : WRAP16 DATA WRITE
[DRV] : WRAP16 TRANSFER ADDR : 13 DATA : 5
[MON]: addr : 5 data : 13
[SCO] : DATA WRITE
[DRV] : WRAP16 TRANSFER ADDR : 5 DATA : 5
[MON]: addr : 9 data : 5
[SCO] : DATA WRITE
[DRV] : WRAP16 TRANSFER ADDR : 43 DATA : 5
[MON]: addr : 13 data : 43
[SCO] : DATA WRITE
[DRV] : WRAP16 TRANSFER ADDR : 33 DATA : 5
[MON]: addr : 17 data : 33
[SCO] : DATA WRITE
[DRV] : WRAP16 TRANSFER ADDR : 47 DATA : 5
[MON]: addr : 21 data : 47
[SCO] : DATA WRITE
[DRV] : WRAP16 TRANSFER ADDR : 18 DATA : 5
[MON]: addr : 25 data : 18
[SCO] : DATA WRITE
[DRV] : WRAP16 TRANSFER ADDR : 21 DATA : 5
[MON]: addr : 29 data : 21
[SCO] : DATA WRITE
[DRV] : WRAP16 TRANSFER ADDR : 11 DATA : 5
[MON]: addr : 33 data : 11
[SCO] : DATA WRITE
[DRV] : WRAP16 TRANSFER ADDR : 25 DATA : 5
[MON]: addr : 37 data : 25
[SCO] : DATA WRITE
[DRV] : WRAP16 TRANSFER ADDR : 13 DATA : 5
[MON]: addr : 41 data : 13
[SCO] : DATA WRITE
[DRV] : WRAP16 TRANSFER ADDR : 50 DATA : 5
[MON]: addr : 45 data : 50
[SCO] : DATA WRITE
[DRV] : WRAP16 TRANSFER ADDR : 25 DATA : 5
[MON]: addr : 49 data : 25
[SCO] : DATA WRITE
[DRV] : WRAP16 TRANSFER ADDR : 37 DATA : 5
[MON]: addr : 53 data : 37
[SCO] : DATA WRITE
[DRV] : WRAP16 TRANSFER ADDR : 20 DATA : 5
[MON]: addr : 57 data : 20
[SCO] : DATA WRITE
[DRV] : WRAP16 TRANSFER ADDR : 35 DATA : 5
[MON]: addr : 61 data : 35
[SCO] : DATA WRITE
[DRV] : WRAP16 TRANSFER ADDR : 15 DATA : 5
[MON]: addr : 1 data : 15
[SCO] : DATA WRITE
$finish called at time : 1565 ns : File "/home/agustin/Escritorio/Github/fpga_verification/Part_2/Section_8/Section_8.srcs/sim_1/imports/new/tb.sv" Line 1136
