Time resolution is 1 ps
[DRV] : RESET DONE
------------------------------------------
[GEN] : MODE :0 WE : 1 STRB : 0 ADDR : 5 WDATA : 4 RDATA : 0
[DRV] : DATA WRITE MODE
[MON] : STRB IS VALID
[SCO] : DATA WRITE DATA : 4 ADDR : 5
------------------------------------------
------------------------------------------
[GEN] : MODE :1 WE : 0 STRB : 1 ADDR : 5 WDATA : 1 RDATA : 0
[DRV] : DATA READ MODE
[MON] : STRB IS VALID
[SCO] : DATA MATCHED : DEFAULT VALUE READ
------------------------------------------
------------------------------------------
[GEN] : MODE :2 WE : 1 STRB : 1 ADDR : 5 WDATA : 6 RDATA : 0
[DRV] : RANDOM MODE
[MON] : STRB IS VALID
[SCO] : DATA WRITE DATA : 6 ADDR : 5
------------------------------------------
------------------------------------------
[GEN] : MODE :1 WE : 1 STRB : 0 ADDR : 5 WDATA : 6 RDATA : 0
[DRV] : DATA READ MODE
[MON] : STRB IS VALID
[SCO] : DATA MATCHED : DEFAULT VALUE READ
------------------------------------------
------------------------------------------
[GEN] : MODE :2 WE : 1 STRB : 0 ADDR : 5 WDATA : 1 RDATA : 0
[DRV] : RANDOM MODE
[MON] : STRB IS ZERO
[SCO] : INVALID STROBE
------------------------------------------
------------------------------------------
[GEN] : MODE :0 WE : 0 STRB : 1 ADDR : 5 WDATA : 3 RDATA : 0
[DRV] : DATA WRITE MODE
[MON] : STRB IS VALID
[SCO] : DATA WRITE DATA : 3 ADDR : 5
------------------------------------------
------------------------------------------
[GEN] : MODE :2 WE : 0 STRB : 1 ADDR : 5 WDATA : 3 RDATA : 0
[DRV] : RANDOM MODE
[MON] : STRB IS VALID
[SCO] : DATA MATCHED : DEFAULT VALUE READ
------------------------------------------
------------------------------------------
[GEN] : MODE :0 WE : 1 STRB : 0 ADDR : 5 WDATA : 3 RDATA : 0
[DRV] : DATA WRITE MODE
[MON] : STRB IS VALID
[SCO] : DATA WRITE DATA : 3 ADDR : 5
------------------------------------------
------------------------------------------
[GEN] : MODE :1 WE : 0 STRB : 0 ADDR : 5 WDATA : 1 RDATA : 0
[DRV] : DATA READ MODE
[MON] : STRB IS VALID
[SCO] : DATA MATCHED : DEFAULT VALUE READ
------------------------------------------
------------------------------------------
[GEN] : MODE :2 WE : 0 STRB : 0 ADDR : 5 WDATA : 1 RDATA : 0
[DRV] : RANDOM MODE
[MON] : STRB IS ZERO
[SCO] : INVALID STROBE
------------------------------------------
$finish called at time : 1005 ns : File "/home/agustin/Escritorio/Github/fpga_verification/Part_2/Section_9/Section_9.srcs/sim_1/new/tb.sv" Line 322
